{"/Users/hungtran/designpacks/local-dev-tool/src/actions/SiteAction.ts": {"path":"/Users/hungtran/designpacks/local-dev-tool/src/actions/SiteAction.ts","statementMap":{"0":{"start":{"line":2,"column":0},"end":{"line":2,"column":62}},"1":{"start":{"line":3,"column":12},"end":{"line":3,"column":30}},"2":{"start":{"line":4,"column":10},"end":{"line":4,"column":31}},"3":{"start":{"line":6,"column":4},"end":{"line":15,"column":6}},"4":{"start":{"line":7,"column":22},"end":{"line":7,"column":46}},"5":{"start":{"line":8,"column":8},"end":{"line":8,"column":66}},"6":{"start":{"line":9,"column":8},"end":{"line":14,"column":11}},"7":{"start":{"line":10,"column":12},"end":{"line":10,"column":55}},"8":{"start":{"line":13,"column":12},"end":{"line":13,"column":69}},"9":{"start":{"line":17,"column":0},"end":{"line":17,"column":36}},"10":{"start":{"line":19,"column":4},"end":{"line":25,"column":6}},"11":{"start":{"line":27,"column":0},"end":{"line":27,"column":48}},"12":{"start":{"line":29,"column":4},"end":{"line":32,"column":6}},"13":{"start":{"line":34,"column":0},"end":{"line":34,"column":48}},"14":{"start":{"line":36,"column":4},"end":{"line":39,"column":6}},"15":{"start":{"line":41,"column":0},"end":{"line":41,"column":46}},"16":{"start":{"line":46,"column":0},"end":{"line":51,"column":2}},"17":{"start":{"line":47,"column":4},"end":{"line":50,"column":6}},"18":{"start":{"line":56,"column":0},"end":{"line":61,"column":2}},"19":{"start":{"line":57,"column":4},"end":{"line":60,"column":6}},"20":{"start":{"line":62,"column":0},"end":{"line":67,"column":2}},"21":{"start":{"line":63,"column":4},"end":{"line":66,"column":6}},"22":{"start":{"line":73,"column":4},"end":{"line":82,"column":6}},"23":{"start":{"line":74,"column":22},"end":{"line":74,"column":56}},"24":{"start":{"line":75,"column":8},"end":{"line":75,"column":68}},"25":{"start":{"line":76,"column":8},"end":{"line":81,"column":11}},"26":{"start":{"line":77,"column":12},"end":{"line":77,"column":65}},"27":{"start":{"line":80,"column":12},"end":{"line":80,"column":68}},"28":{"start":{"line":84,"column":0},"end":{"line":84,"column":38}},"29":{"start":{"line":85,"column":0},"end":{"line":94,"column":2}},"30":{"start":{"line":86,"column":4},"end":{"line":93,"column":6}},"31":{"start":{"line":95,"column":0},"end":{"line":100,"column":2}},"32":{"start":{"line":96,"column":4},"end":{"line":99,"column":6}},"33":{"start":{"line":101,"column":0},"end":{"line":106,"column":2}},"34":{"start":{"line":102,"column":4},"end":{"line":105,"column":6}},"35":{"start":{"line":107,"column":0},"end":{"line":112,"column":2}},"36":{"start":{"line":108,"column":4},"end":{"line":111,"column":6}},"37":{"start":{"line":114,"column":4},"end":{"line":123,"column":6}},"38":{"start":{"line":115,"column":22},"end":{"line":115,"column":54}},"39":{"start":{"line":116,"column":8},"end":{"line":116,"column":61}},"40":{"start":{"line":117,"column":8},"end":{"line":122,"column":11}},"41":{"start":{"line":118,"column":12},"end":{"line":118,"column":64}},"42":{"start":{"line":121,"column":12},"end":{"line":121,"column":64}},"43":{"start":{"line":125,"column":0},"end":{"line":125,"column":34}},"44":{"start":{"line":126,"column":0},"end":{"line":135,"column":2}},"45":{"start":{"line":127,"column":4},"end":{"line":134,"column":6}},"46":{"start":{"line":136,"column":0},"end":{"line":141,"column":2}},"47":{"start":{"line":137,"column":4},"end":{"line":140,"column":6}},"48":{"start":{"line":142,"column":0},"end":{"line":147,"column":2}},"49":{"start":{"line":143,"column":4},"end":{"line":146,"column":6}},"50":{"start":{"line":148,"column":0},"end":{"line":157,"column":2}},"51":{"start":{"line":149,"column":4},"end":{"line":156,"column":6}},"52":{"start":{"line":158,"column":0},"end":{"line":163,"column":2}},"53":{"start":{"line":159,"column":4},"end":{"line":162,"column":6}},"54":{"start":{"line":164,"column":0},"end":{"line":169,"column":2}},"55":{"start":{"line":165,"column":4},"end":{"line":168,"column":6}},"56":{"start":{"line":173,"column":0},"end":{"line":181,"column":2}},"57":{"start":{"line":174,"column":4},"end":{"line":180,"column":6}},"58":{"start":{"line":182,"column":0},"end":{"line":187,"column":2}},"59":{"start":{"line":183,"column":4},"end":{"line":186,"column":6}}},"fnMap":{"0":{"name":"showAllIssue","decl":{"start":{"line":5,"column":9},"end":{"line":5,"column":21}},"loc":{"start":{"line":5,"column":30},"end":{"line":16,"column":1}},"line":5},"1":{"name":"(anonymous_1)","decl":{"start":{"line":6,"column":11},"end":{"line":6,"column":12}},"loc":{"start":{"line":6,"column":41},"end":{"line":15,"column":5}},"line":6},"2":{"name":"(anonymous_2)","decl":{"start":{"line":9,"column":28},"end":{"line":9,"column":29}},"loc":{"start":{"line":9,"column":46},"end":{"line":11,"column":9}},"line":9},"3":{"name":"(anonymous_3)","decl":{"start":{"line":12,"column":19},"end":{"line":12,"column":20}},"loc":{"start":{"line":12,"column":32},"end":{"line":14,"column":9}},"line":12},"4":{"name":"getListSiteSuccess","decl":{"start":{"line":18,"column":9},"end":{"line":18,"column":27}},"loc":{"start":{"line":18,"column":51},"end":{"line":26,"column":1}},"line":18},"5":{"name":"getListSiteRequest","decl":{"start":{"line":28,"column":9},"end":{"line":28,"column":27}},"loc":{"start":{"line":28,"column":39},"end":{"line":33,"column":1}},"line":28},"6":{"name":"getListSiteFailed","decl":{"start":{"line":35,"column":9},"end":{"line":35,"column":26}},"loc":{"start":{"line":35,"column":37},"end":{"line":40,"column":1}},"line":35},"7":{"name":"(anonymous_7)","decl":{"start":{"line":46,"column":18},"end":{"line":46,"column":19}},"loc":{"start":{"line":46,"column":36},"end":{"line":51,"column":1}},"line":46},"8":{"name":"(anonymous_8)","decl":{"start":{"line":56,"column":23},"end":{"line":56,"column":24}},"loc":{"start":{"line":56,"column":45},"end":{"line":61,"column":1}},"line":56},"9":{"name":"(anonymous_9)","decl":{"start":{"line":62,"column":21},"end":{"line":62,"column":22}},"loc":{"start":{"line":62,"column":41},"end":{"line":67,"column":1}},"line":62},"10":{"name":"downLoadIssue","decl":{"start":{"line":72,"column":9},"end":{"line":72,"column":22}},"loc":{"start":{"line":72,"column":56},"end":{"line":83,"column":1}},"line":72},"11":{"name":"(anonymous_11)","decl":{"start":{"line":73,"column":11},"end":{"line":73,"column":12}},"loc":{"start":{"line":73,"column":41},"end":{"line":82,"column":5}},"line":73},"12":{"name":"(anonymous_12)","decl":{"start":{"line":76,"column":28},"end":{"line":76,"column":29}},"loc":{"start":{"line":76,"column":46},"end":{"line":78,"column":9}},"line":76},"13":{"name":"(anonymous_13)","decl":{"start":{"line":79,"column":19},"end":{"line":79,"column":20}},"loc":{"start":{"line":79,"column":32},"end":{"line":81,"column":9}},"line":79},"14":{"name":"(anonymous_14)","decl":{"start":{"line":85,"column":26},"end":{"line":85,"column":27}},"loc":{"start":{"line":85,"column":60},"end":{"line":94,"column":1}},"line":85},"15":{"name":"(anonymous_15)","decl":{"start":{"line":95,"column":26},"end":{"line":95,"column":27}},"loc":{"start":{"line":95,"column":47},"end":{"line":100,"column":1}},"line":95},"16":{"name":"(anonymous_16)","decl":{"start":{"line":101,"column":25},"end":{"line":101,"column":26}},"loc":{"start":{"line":101,"column":46},"end":{"line":106,"column":1}},"line":101},"17":{"name":"(anonymous_17)","decl":{"start":{"line":107,"column":20},"end":{"line":107,"column":21}},"loc":{"start":{"line":107,"column":38},"end":{"line":112,"column":1}},"line":107},"18":{"name":"deleteIssue","decl":{"start":{"line":113,"column":9},"end":{"line":113,"column":20}},"loc":{"start":{"line":113,"column":54},"end":{"line":124,"column":1}},"line":113},"19":{"name":"(anonymous_19)","decl":{"start":{"line":114,"column":11},"end":{"line":114,"column":12}},"loc":{"start":{"line":114,"column":41},"end":{"line":123,"column":5}},"line":114},"20":{"name":"(anonymous_20)","decl":{"start":{"line":117,"column":28},"end":{"line":117,"column":29}},"loc":{"start":{"line":117,"column":46},"end":{"line":119,"column":9}},"line":117},"21":{"name":"(anonymous_21)","decl":{"start":{"line":120,"column":19},"end":{"line":120,"column":20}},"loc":{"start":{"line":120,"column":32},"end":{"line":122,"column":9}},"line":120},"22":{"name":"(anonymous_22)","decl":{"start":{"line":126,"column":24},"end":{"line":126,"column":25}},"loc":{"start":{"line":126,"column":58},"end":{"line":135,"column":1}},"line":126},"23":{"name":"(anonymous_23)","decl":{"start":{"line":136,"column":24},"end":{"line":136,"column":25}},"loc":{"start":{"line":136,"column":44},"end":{"line":141,"column":1}},"line":136},"24":{"name":"(anonymous_24)","decl":{"start":{"line":142,"column":23},"end":{"line":142,"column":24}},"loc":{"start":{"line":142,"column":43},"end":{"line":147,"column":1}},"line":142},"25":{"name":"(anonymous_25)","decl":{"start":{"line":148,"column":22},"end":{"line":148,"column":23}},"loc":{"start":{"line":148,"column":58},"end":{"line":157,"column":1}},"line":148},"26":{"name":"(anonymous_26)","decl":{"start":{"line":158,"column":25},"end":{"line":158,"column":26}},"loc":{"start":{"line":158,"column":40},"end":{"line":163,"column":1}},"line":158},"27":{"name":"(anonymous_27)","decl":{"start":{"line":164,"column":26},"end":{"line":164,"column":27}},"loc":{"start":{"line":164,"column":41},"end":{"line":169,"column":1}},"line":164},"28":{"name":"(anonymous_28)","decl":{"start":{"line":173,"column":22},"end":{"line":173,"column":23}},"loc":{"start":{"line":173,"column":46},"end":{"line":181,"column":1}},"line":173},"29":{"name":"(anonymous_29)","decl":{"start":{"line":182,"column":25},"end":{"line":182,"column":26}},"loc":{"start":{"line":182,"column":47},"end":{"line":187,"column":1}},"line":182}},"branchMap":{},"s":{"0":1,"1":1,"2":1,"3":0,"4":0,"5":0,"6":0,"7":0,"8":0,"9":1,"10":0,"11":1,"12":1,"13":1,"14":0,"15":1,"16":1,"17":3,"18":1,"19":0,"20":1,"21":0,"22":0,"23":0,"24":0,"25":0,"26":0,"27":0,"28":1,"29":1,"30":0,"31":1,"32":0,"33":1,"34":0,"35":1,"36":0,"37":0,"38":0,"39":0,"40":0,"41":0,"42":0,"43":1,"44":1,"45":0,"46":1,"47":0,"48":1,"49":0,"50":1,"51":0,"52":1,"53":0,"54":1,"55":0,"56":1,"57":0,"58":1,"59":0},"f":{"0":0,"1":0,"2":0,"3":0,"4":0,"5":1,"6":0,"7":3,"8":0,"9":0,"10":0,"11":0,"12":0,"13":0,"14":0,"15":0,"16":0,"17":0,"18":0,"19":0,"20":0,"21":0,"22":0,"23":0,"24":0,"25":0,"26":0,"27":0,"28":0,"29":0},"b":{},"inputSourceMap":{"version":3,"file":"SiteAction.js","sourceRoot":"/Users/hungtran/designpacks/local-dev-tool/src/","sources":["SiteAction.ts"],"names":[],"mappings":";;AAAA,+BAAiC;AACjC,gCAAkC;AAGlC,sBAA6B,MAAM;IAC/B,MAAM,CAAC,UAAC,QAAQ,EAAE,QAAQ;QACtB,IAAI,OAAO,GAAG,GAAG,CAAC,SAAS,CAAC,MAAM,CAAC,EAAE,CAAC,CAAC;QACvC,QAAQ,CAAC,kBAAkB,CAAC,2BAA2B,CAAC,CAAC,CAAC;QAC1D,MAAM,CAAC,OAAO,CAAC,IAAI,CAAC,UAAC,MAAM;YACvB,QAAQ,CAAC,kBAAkB,CAAC,MAAM,EAAC,IAAI,CAAC,CAAC,CAAC;QAC9C,CAAC,CAAC;aACG,KAAK,CAAC,UAAA,CAAC;YACJ,QAAQ,CAAC,iBAAiB,CAAC,2BAA2B,CAAC,CAAC,CAAA;QAC5D,CAAC,CAAC,CAAA;IACV,CAAC,CAAA;AACL,CAAC;AAXD,oCAWC;AAED,4BAAmC,SAAS,EAAC,UAAU;IACnD,MAAM,CAAC;QACH,IAAI,EAAE,KAAK,CAAC,wBAAwB;QACpC,OAAO,EAAC;YACJ,SAAS,EAAC,SAAS;YACnB,UAAU,EAAC,UAAU;SACxB;KACJ,CAAC;AACN,CAAC;AARD,gDAQC;AAED,4BAAmC,SAAS;IACxC,MAAM,CAAC;QACH,IAAI,EAAE,KAAK,CAAC,yBAAyB;QACrC,OAAO,EAAE,SAAS;KACrB,CAAC;AACN,CAAC;AALD,gDAKC;AAED,2BAAkC,QAAQ;IACtC,MAAM,CAAC;QACH,IAAI,EAAE,KAAK,CAAC,sBAAsB;QAClC,OAAO,EAAE,QAAQ;KACpB,CAAC;AACN,CAAC;AALD,8CAKC;AAMD;;;GAGG;AACW,QAAA,OAAO,GAAG,UAAC,MAAM;IAC3B,MAAM,CAAC;QACH,IAAI,EAAC,KAAK,CAAC,QAAQ;QACnB,OAAO,EAAC,MAAM;KACjB,CAAA;AACL,CAAC,CAAA;AAKD;;;GAGG;AACW,QAAA,YAAY,GAAG,UAAC,UAAU;IACpC,MAAM,CAAC;QACH,IAAI,EAAC,KAAK,CAAC,cAAc;QACzB,OAAO,EAAE,UAAU;KACtB,CAAA;AACL,CAAC,CAAA;AAIa,QAAA,UAAU,GAAG,UAAC,QAAQ;IAChC,MAAM,CAAC;QACH,IAAI,EAAC,KAAK,CAAC,gBAAgB;QAC3B,OAAO,EAAE,QAAQ;KACpB,CAAA;AACL,CAAC,CAAA;AAED;;;GAGG;AAEH,uBAA8B,SAAS,EAAC,MAAM,EAAC,OAAO,EAAC,GAAG;IACtD,MAAM,CAAC,UAAC,QAAQ,EAAE,QAAQ;QACtB,IAAI,OAAO,GAAG,GAAG,CAAC,aAAa,CAAC,MAAM,EAAC,OAAO,CAAC,CAAC;QAChD,QAAQ,CAAC,uBAAe,CAAC,wBAAwB,CAAC,CAAC,CAAC;QACpD,MAAM,CAAC,OAAO,CAAC,IAAI,CAAC,UAAC,MAAM;YACvB,QAAQ,CAAC,uBAAe,CAAC,MAAM,EAAC,IAAI,EAAC,GAAG,CAAC,CAAC,CAAC;QAC/C,CAAC,CAAC;aACD,KAAK,CAAC,UAAA,CAAC;YACJ,QAAQ,CAAC,sBAAc,CAAC,qBAAqB,CAAC,CAAC,CAAA;QACnD,CAAC,CAAC,CAAA;IACN,CAAC,CAAA;AACL,CAAC;AAXD,sCAWC;AAEa,QAAA,eAAe,GAAG,UAAC,MAAM,EAAC,SAAS,EAAC,GAAG;IACjD,MAAM,CAAC;QACH,IAAI,EAAC,KAAK,CAAC,gBAAgB;QAC3B,OAAO,EAAC;YACJ,MAAM,EAAC,MAAM;YACb,SAAS,EAAC,SAAS;YACnB,GAAG,EAAC,GAAG;SACV;KACJ,CAAA;AACL,CAAC,CAAA;AAEa,QAAA,eAAe,GAAG,UAAC,SAAS;IACtC,MAAM,CAAC;QACH,IAAI,EAAC,KAAK,CAAC,gBAAgB;QAC3B,OAAO,EAAC,SAAS;KACpB,CAAA;AACL,CAAC,CAAA;AAEa,QAAA,cAAc,GAAG,UAAC,SAAS;IACrC,MAAM,CAAC;QACH,IAAI,EAAC,KAAK,CAAC,eAAe;QAC1B,OAAO,EAAC,SAAS;KACpB,CAAA;AACL,CAAC,CAAA;AAKa,QAAA,SAAS,GAAG,UAAC,MAAM;IAC7B,MAAM,CAAC;QACH,IAAI,EAAC,KAAK,CAAC,UAAU;QACrB,OAAO,EAAE,MAAM;KAClB,CAAA;AACL,CAAC,CAAA;AAGD,qBAA4B,SAAS,EAAC,MAAM,EAAC,OAAO,EAAC,GAAG;IACpD,MAAM,CAAC,UAAC,QAAQ,EAAE,QAAQ;QACtB,IAAI,OAAO,GAAG,GAAG,CAAC,WAAW,CAAC,MAAM,EAAC,OAAO,CAAC,CAAC;QAC9C,QAAQ,CAAC,qBAAa,CAAC,mBAAmB,CAAC,CAAC,CAAC;QAC7C,MAAM,CAAC,OAAO,CAAC,IAAI,CAAC,UAAC,MAAM;YACvB,QAAQ,CAAC,qBAAa,CAAC,MAAM,EAAC,KAAK,EAAC,GAAG,CAAC,CAAC,CAAC;QAC9C,CAAC,CAAC;aACG,KAAK,CAAC,UAAA,CAAC;YACJ,QAAQ,CAAC,oBAAY,CAAC,mBAAmB,CAAC,CAAC,CAAA;QAC/C,CAAC,CAAC,CAAA;IACV,CAAC,CAAA;AACL,CAAC;AAXD,kCAWC;AAEa,QAAA,aAAa,GAAG,UAAC,MAAM,EAAC,SAAS,EAAC,GAAG;IAC/C,MAAM,CAAC;QACH,IAAI,EAAC,KAAK,CAAC,qBAAqB;QAChC,OAAO,EAAC;YACJ,MAAM,EAAC,MAAM;YACb,SAAS,EAAC,SAAS;YACnB,GAAG,EAAC,GAAG;SACV;KACJ,CAAA;AACL,CAAC,CAAA;AAEa,QAAA,aAAa,GAAG,UAAC,QAAQ;IACnC,MAAM,CAAC;QACH,IAAI,EAAC,KAAK,CAAC,qBAAqB;QAChC,OAAO,EAAC,QAAQ;KACnB,CAAA;AACL,CAAC,CAAA;AAEa,QAAA,YAAY,GAAG,UAAC,QAAQ;IAClC,MAAM,CAAC;QACH,IAAI,EAAC,KAAK,CAAC,oBAAoB;QAC/B,OAAO,EAAC,QAAQ;KACnB,CAAA;AACL,CAAC,CAAA;AAIa,QAAA,WAAW,GAAG,UAAC,QAAQ,EAAC,GAAG,EAAC,SAAS;IAC/C,MAAM,CAAC;QACH,IAAI,EAAC,KAAK,CAAC,YAAY;QACvB,OAAO,EAAC;YACJ,QAAQ,EAAC,QAAQ;YACjB,GAAG,EAAC,GAAG;YACP,SAAS,EAAC,SAAS;SACtB;KACJ,CAAA;AACL,CAAC,CAAA;AAEa,QAAA,cAAc,GAAG,UAAC,GAAG;IAC/B,MAAM,CAAC;QACH,IAAI,EAAC,KAAK,CAAC,UAAU;QACrB,OAAO,EAAE,GAAG;KACf,CAAA;AACL,CAAC,CAAA;AAEa,QAAA,eAAe,GAAG,UAAC,GAAG;IAChC,MAAM,CAAC;QACH,IAAI,EAAC,KAAK,CAAC,kBAAkB;QAC7B,OAAO,EAAE,GAAG;KACf,CAAA;AACL,CAAC,CAAA;AAGD;;GAEG;AACU,QAAA,WAAW,GAAG,UAAC,IAAI,EAAC,MAAM;IACnC,MAAM,CAAC;QACH,IAAI,EAAC,KAAK,CAAC,YAAY;QACvB,OAAO,EAAE;YACL,IAAI,EAAC,IAAI;YACT,MAAM,EAAC,MAAM;SAChB;KACJ,CAAA;AACL,CAAC,CAAA;AAEY,QAAA,cAAc,GAAG,UAAC,UAAU;IACrC,MAAM,CAAC;QACH,IAAI,EAAE,KAAK,CAAC,eAAe;QAC3B,OAAO,EAAC,UAAU;KACrB,CAAA;AACL,CAAC,CAAA","sourcesContent":["import * as types from './types';\nimport * as api from '../api/cms';\nimport * as handleJson from '../utility/handleJson';\n\nexport function showAllIssue(params) {\n    return (dispatch, getState) => {\n        var promise = api.getIssues(params.id);\n        dispatch(getListSiteRequest(\"waiting fecth for Site...\"));\n        return promise.then((result) => {\n            dispatch(getListSiteSuccess(result,true));\n        })\n            .catch(e => {\n                dispatch(getListSiteFailed(\"Failed fecth for Site....\"))\n            })\n    }\n}\n\nexport function getListSiteSuccess(issueList,isLoadding) {\n    return {\n        type: types.FETCH_DATA_SUCCCESS_SITE,\n        payload:{\n            issueList:issueList,\n            isLoadding:isLoadding\n        }\n    };\n}\n\nexport function getListSiteRequest(isRequest) {\n    return {\n        type: types.FETCH_DATA_REQUESTED_SITE,\n        payload: isRequest\n    };\n}\n\nexport function getListSiteFailed(isFailed) {\n    return {\n        type: types.FETCH_DATA_FAILED_SITE,\n        payload: isFailed\n    };\n}\n\n\n\n\n\n/**\n * \n * Show tab 2 option:download and not yet download\n */\nexport const  showTab = (isShow) => {\n    return {\n        type:types.SHOW_TAB,\n        payload:isShow\n    }\n}\n\n\n\n\n/**\n * \n * event click button show with tab mobile,table,reload page\n */\nexport const  showFlatFrom = (isFlatForm) => {\n    return {\n        type:types.SHOW_FLAT_FORM,\n        payload: isFlatForm\n    }\n}\n\n\n\nexport const  reloadPage = (isReload) => {\n    return {\n        type:types.SHOW_RELOAD_PAGE,\n        payload: isReload\n    }\n}\n\n/**\n * \n * All event on magazine\n */\n\nexport function downLoadIssue(isDowload,siteId,issueId,idx) {\n    return (dispatch, getState) => {\n        var promise = api.downloadIssue(siteId,issueId);\n        dispatch(downLoadRequest(\"waiting downloading...\"));\n        return promise.then((result) => {\n            dispatch(downLoadSuccess(result,true,idx));\n        })\n        .catch(e => {\n            dispatch(downLoadFailed(\"Failed download....\"))\n        })\n    }\n}\n\nexport const  downLoadSuccess = (result,isDowload,idx) => {\n    return {\n        type:types.DOWNLOAD_SUCCESS,\n        payload:{\n            result:result,\n            isDowload:isDowload,\n            idx:idx\n        }\n    }\n}\n\nexport const  downLoadRequest = (isDowload) => {\n    return {\n        type:types.DOWNLOAD_REQUEST,\n        payload:isDowload\n    }\n}\n\nexport const  downLoadFailed = (isDowload) => {\n    return {\n        type:types.DOWNLOAD_FAILED,\n        payload:isDowload\n    }\n}\n\n\n\n\nexport const  eventView = (isView) => {\n    return {\n        type:types.EVENT_VIEW,\n        payload: isView\n    }\n}\n\n\nexport function deleteIssue(isDowload,siteId,issueId,idx) {\n    return (dispatch, getState) => {\n        var promise = api.deleteIssue(siteId,issueId);\n        dispatch(deleteRequest(\"waiting delete...\"));\n        return promise.then((result) => {\n            dispatch(deleteSuccess(result,false,idx));\n        })\n            .catch(e => {\n                dispatch(deleteFailed(\"Failed delete....\"))\n            })\n    }\n}\n\nexport const  deleteSuccess = (result,isDowload,idx) => {\n    return {\n        type:types.DELETED_ISSUE_SUCCESS,\n        payload:{\n            result:result,\n            isDowload:isDowload,\n            idx:idx\n        }\n    }\n}\n\nexport const  deleteRequest = (isDelete) => {\n    return {\n        type:types.DELETED_ISSUE_REQUEST,\n        payload:isDelete\n    }\n}\n\nexport const  deleteFailed = (isDelete) => {\n    return {\n        type:types.DELETED_ISSUE_FAILED,\n        payload:isDelete\n    }\n}\n\n\n\nexport const  eventConfig = (isConfig,idx,idx_child) => {\n    return {\n        type:types.EVENT_CONFIG,\n        payload:{\n            isConfig:isConfig,\n            idx:idx,\n            idx_child:idx_child\n        }\n    }\n}\n\nexport const  eventOpenModal = (idx) => {\n    return {\n        type:types.OPEN_MODAL,\n        payload: idx\n    }\n}\n\nexport const  eventCloseModal = (idx) => {\n    return {\n        type:types.CLOSE_MODAL_CONFIG,\n        payload: idx\n    }\n}\n\n\n/**\n * Seach\n */\nexport const searchIssue = (name,siteId)=>{\n    return {\n        type:types.SEARCH_ISSUE,\n        payload: {\n            name:name,\n            siteId:siteId\n        }\n    }\n}\n\nexport const changeLoadding = (isLoadding)=>{\n    return {\n        type: types.CHANGE_LOADDING,\n        payload:isLoadding\n    }\n}"]},"_coverageSchema":"332fd63041d2c1bcb487cc26dd0d5f7d97098a6c","hash":"242dd64a3cbfb5723a1ef5fc5fd4863cc835d90f"}
,"/Users/hungtran/designpacks/local-dev-tool/src/actions/types.ts": {"path":"/Users/hungtran/designpacks/local-dev-tool/src/actions/types.ts","statementMap":{"0":{"start":{"line":2,"column":0},"end":{"line":2,"column":62}},"1":{"start":{"line":6,"column":0},"end":{"line":6,"column":42}},"2":{"start":{"line":7,"column":0},"end":{"line":7,"column":34}},"3":{"start":{"line":8,"column":0},"end":{"line":8,"column":36}},"4":{"start":{"line":9,"column":0},"end":{"line":9,"column":44}},"5":{"start":{"line":10,"column":0},"end":{"line":10,"column":40}},"6":{"start":{"line":11,"column":0},"end":{"line":11,"column":36}},"7":{"start":{"line":12,"column":0},"end":{"line":12,"column":36}},"8":{"start":{"line":16,"column":0},"end":{"line":16,"column":40}},"9":{"start":{"line":17,"column":0},"end":{"line":17,"column":42}},"10":{"start":{"line":18,"column":0},"end":{"line":18,"column":46}},"11":{"start":{"line":19,"column":0},"end":{"line":19,"column":42}},"12":{"start":{"line":20,"column":0},"end":{"line":20,"column":34}},"13":{"start":{"line":21,"column":0},"end":{"line":21,"column":38}},"14":{"start":{"line":22,"column":0},"end":{"line":22,"column":38}},"15":{"start":{"line":23,"column":0},"end":{"line":23,"column":30}},"16":{"start":{"line":24,"column":0},"end":{"line":24,"column":34}},"17":{"start":{"line":25,"column":0},"end":{"line":25,"column":50}},"18":{"start":{"line":26,"column":0},"end":{"line":26,"column":38}},"19":{"start":{"line":27,"column":0},"end":{"line":27,"column":44}},"20":{"start":{"line":31,"column":0},"end":{"line":31,"column":42}},"21":{"start":{"line":32,"column":0},"end":{"line":32,"column":38}},"22":{"start":{"line":33,"column":0},"end":{"line":33,"column":58}},"23":{"start":{"line":34,"column":0},"end":{"line":34,"column":50}},"24":{"start":{"line":35,"column":0},"end":{"line":35,"column":52}},"25":{"start":{"line":36,"column":0},"end":{"line":36,"column":50}},"26":{"start":{"line":37,"column":0},"end":{"line":37,"column":34}},"27":{"start":{"line":38,"column":0},"end":{"line":38,"column":48}},"28":{"start":{"line":39,"column":0},"end":{"line":39,"column":40}},"29":{"start":{"line":40,"column":0},"end":{"line":40,"column":38}},"30":{"start":{"line":41,"column":0},"end":{"line":41,"column":46}},"31":{"start":{"line":42,"column":0},"end":{"line":42,"column":46}},"32":{"start":{"line":43,"column":0},"end":{"line":43,"column":44}},"33":{"start":{"line":44,"column":0},"end":{"line":44,"column":56}},"34":{"start":{"line":45,"column":0},"end":{"line":45,"column":56}},"35":{"start":{"line":46,"column":0},"end":{"line":46,"column":54}},"36":{"start":{"line":51,"column":0},"end":{"line":51,"column":70}},"37":{"start":{"line":52,"column":0},"end":{"line":52,"column":72}},"38":{"start":{"line":53,"column":0},"end":{"line":53,"column":66}},"39":{"start":{"line":54,"column":0},"end":{"line":54,"column":62}},"40":{"start":{"line":55,"column":0},"end":{"line":55,"column":64}},"41":{"start":{"line":56,"column":0},"end":{"line":56,"column":58}},"42":{"start":{"line":57,"column":0},"end":{"line":57,"column":64}},"43":{"start":{"line":58,"column":0},"end":{"line":58,"column":66}},"44":{"start":{"line":59,"column":0},"end":{"line":59,"column":60}},"45":{"start":{"line":60,"column":0},"end":{"line":60,"column":64}},"46":{"start":{"line":61,"column":0},"end":{"line":61,"column":66}},"47":{"start":{"line":62,"column":0},"end":{"line":62,"column":62}}},"fnMap":{},"branchMap":{},"s":{"0":1,"1":1,"2":1,"3":1,"4":1,"5":1,"6":1,"7":1,"8":1,"9":1,"10":1,"11":1,"12":1,"13":1,"14":1,"15":1,"16":1,"17":1,"18":1,"19":1,"20":1,"21":1,"22":1,"23":1,"24":1,"25":1,"26":1,"27":1,"28":1,"29":1,"30":1,"31":1,"32":1,"33":1,"34":1,"35":1,"36":1,"37":1,"38":1,"39":1,"40":1,"41":1,"42":1,"43":1,"44":1,"45":1,"46":1,"47":1},"f":{},"b":{},"inputSourceMap":{"version":3,"file":"types.js","sourceRoot":"/Users/hungtran/designpacks/local-dev-tool/src/","sources":["types.ts"],"names":[],"mappings":";;AAAA;;GAEG;AACU,QAAA,cAAc,GAAG,gBAAgB,CAAC;AAClC,QAAA,UAAU,GAAG,YAAY,CAAC;AAC1B,QAAA,WAAW,GAAG,aAAa,CAAC;AAC5B,QAAA,eAAe,GAAG,iBAAiB,CAAC;AACpC,QAAA,aAAa,GAAG,eAAe,CAAC;AAChC,QAAA,WAAW,GAAG,aAAa,CAAC;AAC5B,QAAA,WAAW,GAAG,aAAa,CAAC;AAEzC;;GAEG;AAEU,QAAA,aAAa,GAAG,eAAe,CAAC;AAChC,QAAA,cAAc,GAAG,gBAAgB,CAAC;AAClC,QAAA,gBAAgB,GAAG,kBAAkB,CAAC;AACtC,QAAA,cAAc,GAAG,gBAAgB,CAAC;AAClC,QAAA,UAAU,GAAG,YAAY,CAAC;AAC1B,QAAA,YAAY,GAAG,cAAc,CAAC;AAC9B,QAAA,YAAY,GAAG,cAAc,CAAC;AAC9B,QAAA,QAAQ,GAAG,UAAU,CAAC;AACtB,QAAA,UAAU,GAAG,YAAY,CAAC;AAC1B,QAAA,kBAAkB,GAAG,oBAAoB,CAAC;AAC1C,QAAA,YAAY,GAAG,cAAc,CAAC;AAC9B,QAAA,eAAe,GAAG,iBAAiB,CAAC;AAEjD;;GAEG;AAEU,QAAA,cAAc,GAAG,gBAAgB,CAAC;AAClC,QAAA,YAAY,GAAG,cAAc,CAAC;AAC9B,QAAA,sBAAsB,GAAG,wBAAwB,CAAC;AAClD,QAAA,kBAAkB,GAAG,oBAAoB,CAAC;AAC1C,QAAA,mBAAmB,GAAG,qBAAqB,CAAC;AAC5C,QAAA,kBAAkB,GAAG,oBAAoB,CAAC;AAC1C,QAAA,UAAU,GAAG,YAAY,CAAC;AAC1B,QAAA,iBAAiB,GAAG,mBAAmB,CAAC;AACxC,QAAA,aAAa,GAAG,eAAe,CAAC;AAChC,QAAA,YAAY,GAAG,cAAc,CAAC;AAE9B,QAAA,gBAAgB,GAAG,kBAAkB,CAAC;AACtC,QAAA,gBAAgB,GAAG,kBAAkB,CAAC;AACtC,QAAA,eAAe,GAAG,iBAAiB,CAAC;AAEpC,QAAA,qBAAqB,GAAG,uBAAuB,CAAC;AAChD,QAAA,qBAAqB,GAAG,uBAAuB,CAAC;AAChD,QAAA,oBAAoB,GAAG,sBAAsB,CAAC;AAE3D;;;GAGG;AAEU,QAAA,4BAA4B,GAAG,8BAA8B,CAAC;AAC9D,QAAA,6BAA6B,GAAG,+BAA+B,CAAC;AAChE,QAAA,0BAA0B,GAAG,4BAA4B,CAAC;AAE1D,QAAA,wBAAwB,GAAG,0BAA0B,CAAC;AACtD,QAAA,yBAAyB,GAAG,2BAA2B,CAAC;AACxD,QAAA,sBAAsB,GAAG,wBAAwB,CAAC;AAGlD,QAAA,yBAAyB,GAAG,2BAA2B,CAAC;AACxD,QAAA,0BAA0B,GAAG,4BAA4B,CAAC;AAC1D,QAAA,uBAAuB,GAAG,yBAAyB,CAAC;AAEpD,QAAA,yBAAyB,GAAG,2BAA2B,CAAC;AACxD,QAAA,yBAAyB,GAAG,6BAA6B,CAAC;AAC1D,QAAA,wBAAwB,GAAG,0BAA0B,CAAC","sourcesContent":["/**\n * Type Action For Home Magazine\n */\nexport const SHOW_LIST_SITE = 'SHOW_LIST_SITE';\nexport const SHOW_MODAL = 'SHOW_MODAL';\nexport const CLOSE_MODAL = 'CLOSE_MODAL';\nexport const ON_CHANGE_INPUT = 'ON_CHANGE_INPUT';\nexport const SUBMIT_CONFIG = 'SUBMIT_CONFIG';\nexport const DELETE_SITE = 'DELETE_SITE';\nexport const SEARCH_SITE = \"SEARCH_SITE\";\n\n/**\n * Type Action For site magazine\n */\n\nexport const SHOW_ALL_SITE = 'SHOW_ALL_SITE';\nexport const SHOW_FLAT_FORM = 'SHOW_FLAT_FORM';\nexport const SHOW_RELOAD_PAGE = 'SHOW_RELOAD_PAGE';\nexport const EVENT_DOWNLOAD = 'EVENT_DOWNLOAD';\nexport const EVENT_VIEW = 'EVENT_VIEW';\nexport const EVENT_DELETE = 'EVENT_DELETE';\nexport const EVENT_CONFIG = 'EVENT_CONFIG';\nexport const SHOW_TAB = 'SHOW_TAB';\nexport const OPEN_MODAL = \"OPEN_MODAL\";\nexport const CLOSE_MODAL_CONFIG = \"CLOSE_MODAL_CONFIG\";\nexport const SEARCH_ISSUE = \"SEARCH_ISSUE\";\nexport const CHANGE_LOADDING = \"CHANGE_LOADDING\";\n\n/**\n * Type Action For site magazine\n */\n\nexport const SHOW_ALL_ISSUE = 'SHOW_ALL_ISSUE';\nexport const SEARCH_STORY = 'SEARCH_STORY';\nexport const BUTTON_CHANGE_FLATFORM = 'BUTTON_CHANGE_FLATFORM';\nexport const BUTTON_CHANGE_MODE = 'BUTTON_CHANGE_MODE';\nexport const BUTTON_CHANGE_WIDTH = 'BUTTON_CHANGE_WIDTH';\nexport const BUTTON_CHANGE_SIZE = 'BUTTON_CHANGE_SIZE';\nexport const ZOOM_FRAME = 'ZOOM_FRAME';\nexport const CHANGE_URL_IFRAME = 'CHANGE_URL_IFRAME';\nexport const CHANGE_LAYOUT = 'CHANGE_LAYOUT';\nexport const CHANGE_SWIPE = 'CHANGE_SWIPE';\n\nexport const DOWNLOAD_SUCCESS = 'DOWNLOAD_SUCCESS';\nexport const DOWNLOAD_REQUEST = 'DOWNLOAD_REQUEST';\nexport const DOWNLOAD_FAILED = 'DOWNLOAD_FAILED';\n\nexport const DELETED_ISSUE_SUCCESS = 'DELETED_ISSUE_SUCCESS';\nexport const DELETED_ISSUE_REQUEST = 'DELETED_ISSUE_REQUEST';\nexport const DELETED_ISSUE_FAILED = 'DELETED_ISSUE_FAILED';\n\n/**\n * Fetch Data\n * \n */\n\nexport const FETCH_DATA_SUCCCESS_MAGAZINE = \"FETCH_DATA_SUCCCESS_MAGAZINE\";\nexport const FETCH_DATA_REQUESTED_MAGAZINE = \"FETCH_DATA_REQUESTED_MAGAZINE\";\nexport const FETCH_DATA_FAILED_MAGAZINE = \"FETCH_DATA_FAILED_MAGAZINE\";\n\nexport const FETCH_DATA_SUCCCESS_SITE = \"FETCH_DATA_SUCCCESS_SITE\";\nexport const FETCH_DATA_REQUESTED_SITE = \"FETCH_DATA_REQUESTED_SITE\";\nexport const FETCH_DATA_FAILED_SITE = \"FETCH_DATA_FAILED_SITE\";\n\n\nexport const FETCH_DATA_SUCCCESS_ISSUE = \"FETCH_DATA_SUCCCESS_ISSUE\";\nexport const FETCH_DATA_REQUESTED_ISSUE = \"FETCH_DATA_REQUESTED_ISSUE\";\nexport const FETCH_DATA_FAILED_ISSUE = \"FETCH_DATA_FAILED_ISSUE\";\n\nexport const FETCH_INFO_CONFIG_SUCCESS = \"FETCH_INFO_CONFIG_SUCCESS\";\nexport const FETCH_INFO_CONFIG_REQUEST = \"FETCH_INFO_CONFIG_REQUESTED\";\nexport const FETCH_INFO_CONFIG_FAILED = \"FETCH_INFO_CONFIG_FAILED\";"]},"_coverageSchema":"332fd63041d2c1bcb487cc26dd0d5f7d97098a6c","hash":"2ee011b0bcd2df59aeb250af2cb1388bffb24ed5"}
,"/Users/hungtran/designpacks/local-dev-tool/src/api/cms.ts": {"path":"/Users/hungtran/designpacks/local-dev-tool/src/api/cms.ts","statementMap":{"0":{"start":{"line":2,"column":0},"end":{"line":2,"column":62}},"1":{"start":{"line":4,"column":4},"end":{"line":8,"column":7}},"2":{"start":{"line":4,"column":49},"end":{"line":4,"column":67}},"3":{"start":{"line":6,"column":8},"end":{"line":6,"column":27}},"4":{"start":{"line":7,"column":8},"end":{"line":7,"column":38}},"5":{"start":{"line":10,"column":0},"end":{"line":10,"column":28}},"6":{"start":{"line":12,"column":4},"end":{"line":16,"column":7}},"7":{"start":{"line":12,"column":71},"end":{"line":12,"column":89}},"8":{"start":{"line":14,"column":8},"end":{"line":14,"column":28}},"9":{"start":{"line":15,"column":8},"end":{"line":15,"column":39}},"10":{"start":{"line":18,"column":0},"end":{"line":18,"column":30}},"11":{"start":{"line":20,"column":4},"end":{"line":24,"column":7}},"12":{"start":{"line":20,"column":82},"end":{"line":20,"column":100}},"13":{"start":{"line":22,"column":8},"end":{"line":22,"column":28}},"14":{"start":{"line":23,"column":8},"end":{"line":23,"column":39}},"15":{"start":{"line":26,"column":0},"end":{"line":26,"column":38}},"16":{"start":{"line":28,"column":4},"end":{"line":32,"column":7}},"17":{"start":{"line":28,"column":102},"end":{"line":28,"column":120}},"18":{"start":{"line":30,"column":8},"end":{"line":30,"column":28}},"19":{"start":{"line":31,"column":8},"end":{"line":31,"column":39}},"20":{"start":{"line":34,"column":0},"end":{"line":34,"column":38}},"21":{"start":{"line":36,"column":4},"end":{"line":40,"column":7}},"22":{"start":{"line":36,"column":104},"end":{"line":36,"column":122}},"23":{"start":{"line":38,"column":8},"end":{"line":38,"column":28}},"24":{"start":{"line":39,"column":8},"end":{"line":39,"column":39}},"25":{"start":{"line":42,"column":0},"end":{"line":42,"column":34}},"26":{"start":{"line":44,"column":4},"end":{"line":48,"column":7}},"27":{"start":{"line":45,"column":31},"end":{"line":45,"column":49}},"28":{"start":{"line":47,"column":8},"end":{"line":47,"column":39}},"29":{"start":{"line":50,"column":0},"end":{"line":50,"column":38}}},"fnMap":{"0":{"name":"getSites","decl":{"start":{"line":3,"column":9},"end":{"line":3,"column":17}},"loc":{"start":{"line":3,"column":20},"end":{"line":9,"column":1}},"line":3},"1":{"name":"(anonymous_1)","decl":{"start":{"line":4,"column":32},"end":{"line":4,"column":33}},"loc":{"start":{"line":4,"column":47},"end":{"line":4,"column":69}},"line":4},"2":{"name":"(anonymous_2)","decl":{"start":{"line":5,"column":14},"end":{"line":5,"column":15}},"loc":{"start":{"line":5,"column":31},"end":{"line":8,"column":5}},"line":5},"3":{"name":"getIssues","decl":{"start":{"line":11,"column":9},"end":{"line":11,"column":18}},"loc":{"start":{"line":11,"column":27},"end":{"line":17,"column":1}},"line":11},"4":{"name":"(anonymous_4)","decl":{"start":{"line":12,"column":54},"end":{"line":12,"column":55}},"loc":{"start":{"line":12,"column":69},"end":{"line":12,"column":91}},"line":12},"5":{"name":"(anonymous_5)","decl":{"start":{"line":13,"column":14},"end":{"line":13,"column":15}},"loc":{"start":{"line":13,"column":32},"end":{"line":16,"column":5}},"line":13},"6":{"name":"getInfoIssues","decl":{"start":{"line":19,"column":9},"end":{"line":19,"column":22}},"loc":{"start":{"line":19,"column":40},"end":{"line":25,"column":1}},"line":19},"7":{"name":"(anonymous_7)","decl":{"start":{"line":20,"column":65},"end":{"line":20,"column":66}},"loc":{"start":{"line":20,"column":80},"end":{"line":20,"column":102}},"line":20},"8":{"name":"(anonymous_8)","decl":{"start":{"line":21,"column":14},"end":{"line":21,"column":15}},"loc":{"start":{"line":21,"column":32},"end":{"line":24,"column":5}},"line":21},"9":{"name":"downloadIssue","decl":{"start":{"line":27,"column":9},"end":{"line":27,"column":22}},"loc":{"start":{"line":27,"column":40},"end":{"line":33,"column":1}},"line":27},"10":{"name":"(anonymous_10)","decl":{"start":{"line":28,"column":85},"end":{"line":28,"column":86}},"loc":{"start":{"line":28,"column":100},"end":{"line":28,"column":122}},"line":28},"11":{"name":"(anonymous_11)","decl":{"start":{"line":29,"column":14},"end":{"line":29,"column":15}},"loc":{"start":{"line":29,"column":32},"end":{"line":32,"column":5}},"line":29},"12":{"name":"deleteIssue","decl":{"start":{"line":35,"column":9},"end":{"line":35,"column":20}},"loc":{"start":{"line":35,"column":38},"end":{"line":41,"column":1}},"line":35},"13":{"name":"(anonymous_13)","decl":{"start":{"line":36,"column":87},"end":{"line":36,"column":88}},"loc":{"start":{"line":36,"column":102},"end":{"line":36,"column":124}},"line":36},"14":{"name":"(anonymous_14)","decl":{"start":{"line":37,"column":14},"end":{"line":37,"column":15}},"loc":{"start":{"line":37,"column":32},"end":{"line":40,"column":5}},"line":37},"15":{"name":"getInfoConfig","decl":{"start":{"line":43,"column":9},"end":{"line":43,"column":22}},"loc":{"start":{"line":43,"column":35},"end":{"line":49,"column":1}},"line":43},"16":{"name":"(anonymous_16)","decl":{"start":{"line":45,"column":14},"end":{"line":45,"column":15}},"loc":{"start":{"line":45,"column":29},"end":{"line":45,"column":51}},"line":45},"17":{"name":"(anonymous_17)","decl":{"start":{"line":46,"column":14},"end":{"line":46,"column":15}},"loc":{"start":{"line":46,"column":32},"end":{"line":48,"column":5}},"line":46}},"branchMap":{},"s":{"0":1,"1":0,"2":0,"3":0,"4":0,"5":1,"6":0,"7":0,"8":0,"9":0,"10":1,"11":0,"12":0,"13":0,"14":0,"15":1,"16":0,"17":0,"18":0,"19":0,"20":1,"21":0,"22":0,"23":0,"24":0,"25":1,"26":0,"27":0,"28":0,"29":1},"f":{"0":0,"1":0,"2":0,"3":0,"4":0,"5":0,"6":0,"7":0,"8":0,"9":0,"10":0,"11":0,"12":0,"13":0,"14":0,"15":0,"16":0,"17":0},"b":{},"inputSourceMap":{"version":3,"file":"cms.js","sourceRoot":"/Users/hungtran/designpacks/local-dev-tool/src/","sources":["cms.ts"],"names":[],"mappings":";;AAAA;IACI,MAAM,CAAC,KAAK,CAAC,QAAQ,CAAC,CAAC,IAAI,CAAC,UAAC,GAAG,IAAG,OAAA,GAAG,CAAC,IAAI,EAAE,EAAV,CAAU,CAAC;SAC7C,IAAI,CAAC,UAAC,KAAK;QACR,OAAO,CAAC,GAAG,CAAC,KAAK,CAAC,CAAC;QACnB,MAAM,CAAC,OAAO,CAAC,OAAO,CAAC,KAAK,CAAC,CAAC;IAClC,CAAC,CAAC,CAAA;AACN,CAAC;AAND,4BAMC;AAGD,mBAA0B,MAAM;IAC5B,MAAM,CAAC,KAAK,CAAC,SAAS,GAAC,MAAM,GAAC,SAAS,CAAC,CAAC,IAAI,CAAC,UAAC,GAAG,IAAG,OAAA,GAAG,CAAC,IAAI,EAAE,EAAV,CAAU,CAAC;SAC/D,IAAI,CAAC,UAAC,MAAM;QACT,OAAO,CAAC,GAAG,CAAC,MAAM,CAAC,CAAC;QACpB,MAAM,CAAC,OAAO,CAAC,OAAO,CAAC,MAAM,CAAC,CAAC;IACnC,CAAC,CAAC,CAAA;AAEN,CAAC;AAPD,8BAOC;AAED,uBAA8B,MAAM,EAAC,OAAO;IACxC,MAAM,CAAC,KAAK,CAAC,SAAS,GAAC,MAAM,GAAC,UAAU,GAAC,OAAO,CAAC,CAAC,IAAI,CAAC,UAAC,GAAG,IAAG,OAAA,GAAG,CAAC,IAAI,EAAE,EAAV,CAAU,CAAC;SACxE,IAAI,CAAC,UAAC,MAAM;QACT,OAAO,CAAC,GAAG,CAAC,MAAM,CAAC,CAAC;QACpB,MAAM,CAAC,OAAO,CAAC,OAAO,CAAC,MAAM,CAAC,CAAC;IACnC,CAAC,CAAC,CAAA;AAEN,CAAC;AAPD,sCAOC;AAGD,uBAA8B,MAAM,EAAE,OAAO;IACzC,MAAM,CAAC,KAAK,CAAC,YAAU,MAAM,gBAAW,OAAS,EAAC,EAAC,MAAM,EAAC,MAAM,EAAC,CAAC,CAAC,IAAI,CAAC,UAAC,GAAG,IAAG,OAAA,GAAG,CAAC,IAAI,EAAE,EAAV,CAAU,CAAC;SACzF,IAAI,CAAC,UAAC,MAAM;QACT,OAAO,CAAC,GAAG,CAAC,MAAM,CAAC,CAAC;QACpB,MAAM,CAAC,OAAO,CAAC,OAAO,CAAC,MAAM,CAAC,CAAC;IACnC,CAAC,CAAC,CAAA;AACN,CAAC;AAND,sCAMC;AAID,qBAA4B,MAAM,EAAE,OAAO;IACvC,MAAM,CAAC,KAAK,CAAC,YAAU,MAAM,gBAAW,OAAS,EAAC,EAAC,MAAM,EAAC,QAAQ,EAAC,CAAC,CAAC,IAAI,CAAC,UAAC,GAAG,IAAG,OAAA,GAAG,CAAC,IAAI,EAAE,EAAV,CAAU,CAAC;SAC3F,IAAI,CAAC,UAAC,MAAM;QACT,OAAO,CAAC,GAAG,CAAC,MAAM,CAAC,CAAC;QACpB,MAAM,CAAC,OAAO,CAAC,OAAO,CAAC,MAAM,CAAC,CAAC;IACnC,CAAC,CAAC,CAAA;AACN,CAAC;AAND,kCAMC;AAGD,uBAA8B,UAAU;IACpC,MAAM,CAAC,KAAK,CAAC,WAAW,GAAC,UAAU,GAAC,aAAa,CAAC;SACjD,IAAI,CAAC,UAAA,GAAG,IAAI,OAAA,GAAG,CAAC,IAAI,EAAE,EAAV,CAAU,CAAC;SACvB,IAAI,CAAC,UAAC,MAAM;QACT,MAAM,CAAC,OAAO,CAAC,OAAO,CAAC,MAAM,CAAC,CAAC;IACnC,CAAC,CAAC,CAAA;AAEN,CAAC;AAPD,sCAOC;AAED;;;;;;;;GAQG","sourcesContent":["export function getSites(){\n    return fetch('/sites').then((res)=>res.json())\n    .then((sites)=>{\n        console.log(sites);\n        return Promise.resolve(sites);\n    })\n}\n\n\nexport function getIssues(siteId){\n    return fetch('/sites/'+siteId+'/issues').then((res)=>res.json())\n    .then((issues)=>{\n        console.log(issues);\n        return Promise.resolve(issues);\n    })\n\n}\n\nexport function getInfoIssues(siteId,issueId){\n    return fetch('/sites/'+siteId+'/issues/'+issueId).then((res)=>res.json())\n    .then((issues)=>{\n        console.log(issues);\n        return Promise.resolve(issues);\n    })\n\n}\n\n\nexport function downloadIssue(siteId, issueId){\n    return fetch(`/sites/${siteId}/issues/${issueId}`,{method:'post'}).then((res)=>res.json())\n    .then((issues)=>{\n        console.log(issues);\n        return Promise.resolve(issues);\n    })\n}\n\n\n\nexport function deleteIssue(siteId, issueId){\n    return fetch(`/sites/${siteId}/issues/${issueId}`,{method:'delete'}).then((res)=>res.json())\n    .then((issues)=>{\n        console.log(issues);\n        return Promise.resolve(issues);\n    })\n}\n\n\nexport function getInfoConfig(designPack){\n    return fetch('/designs/'+designPack+'/config.xml')\n    .then(res => res.text())\n    .then((config)=>{\n        return Promise.resolve(config);\n    })\n\n}\n\n/**\n \n Example: \n- call downloadIssue(874,527)\n- Restart server\n- Open reader\n http://localhost:3000/reader2/index.html#issueID=527&tocID=894&storyID=7bc1397ba5a0e6ed9afe96f7bf309280&orientation=portrait&mode=0&fontSize=0&navigate=11&width=580&height=800&platform=tablet\n\n */\n"]},"_coverageSchema":"332fd63041d2c1bcb487cc26dd0d5f7d97098a6c","hash":"ee7131eb235eed558f0ddcef27b1f842c55443f9"}
}
