TN:
SF:/Users/hungtran/designpacks/local-dev-tool/src/actions/SiteAction.ts
FN:5,showAllIssue
FN:6,(anonymous_1)
FN:9,(anonymous_2)
FN:12,(anonymous_3)
FN:18,getListSiteSuccess
FN:28,getListSiteRequest
FN:35,getListSiteFailed
FN:46,(anonymous_7)
FN:56,(anonymous_8)
FN:62,(anonymous_9)
FN:72,downLoadIssue
FN:73,(anonymous_11)
FN:76,(anonymous_12)
FN:79,(anonymous_13)
FN:85,(anonymous_14)
FN:95,(anonymous_15)
FN:101,(anonymous_16)
FN:107,(anonymous_17)
FN:113,deleteIssue
FN:114,(anonymous_19)
FN:117,(anonymous_20)
FN:120,(anonymous_21)
FN:126,(anonymous_22)
FN:136,(anonymous_23)
FN:142,(anonymous_24)
FN:148,(anonymous_25)
FN:158,(anonymous_26)
FN:164,(anonymous_27)
FN:173,(anonymous_28)
FN:182,(anonymous_29)
FNF:30
FNH:2
FNDA:0,showAllIssue
FNDA:0,(anonymous_1)
FNDA:0,(anonymous_2)
FNDA:0,(anonymous_3)
FNDA:0,getListSiteSuccess
FNDA:1,getListSiteRequest
FNDA:0,getListSiteFailed
FNDA:3,(anonymous_7)
FNDA:0,(anonymous_8)
FNDA:0,(anonymous_9)
FNDA:0,downLoadIssue
FNDA:0,(anonymous_11)
FNDA:0,(anonymous_12)
FNDA:0,(anonymous_13)
FNDA:0,(anonymous_14)
FNDA:0,(anonymous_15)
FNDA:0,(anonymous_16)
FNDA:0,(anonymous_17)
FNDA:0,deleteIssue
FNDA:0,(anonymous_19)
FNDA:0,(anonymous_20)
FNDA:0,(anonymous_21)
FNDA:0,(anonymous_22)
FNDA:0,(anonymous_23)
FNDA:0,(anonymous_24)
FNDA:0,(anonymous_25)
FNDA:0,(anonymous_26)
FNDA:0,(anonymous_27)
FNDA:0,(anonymous_28)
FNDA:0,(anonymous_29)
DA:2,1
DA:3,1
DA:4,1
DA:6,0
DA:7,0
DA:8,0
DA:9,0
DA:10,0
DA:13,0
DA:17,1
DA:19,0
DA:27,1
DA:29,1
DA:34,1
DA:36,0
DA:41,1
DA:46,1
DA:47,3
DA:56,1
DA:57,0
DA:62,1
DA:63,0
DA:73,0
DA:74,0
DA:75,0
DA:76,0
DA:77,0
DA:80,0
DA:84,1
DA:85,1
DA:86,0
DA:95,1
DA:96,0
DA:101,1
DA:102,0
DA:107,1
DA:108,0
DA:114,0
DA:115,0
DA:116,0
DA:117,0
DA:118,0
DA:121,0
DA:125,1
DA:126,1
DA:127,0
DA:136,1
DA:137,0
DA:142,1
DA:143,0
DA:148,1
DA:149,0
DA:158,1
DA:159,0
DA:164,1
DA:165,0
DA:173,1
DA:174,0
DA:182,1
DA:183,0
LF:60
LH:26
BRF:0
BRH:0
end_of_record
TN:
SF:/Users/hungtran/designpacks/local-dev-tool/src/actions/types.ts
FNF:0
FNH:0
DA:2,1
DA:6,1
DA:7,1
DA:8,1
DA:9,1
DA:10,1
DA:11,1
DA:12,1
DA:16,1
DA:17,1
DA:18,1
DA:19,1
DA:20,1
DA:21,1
DA:22,1
DA:23,1
DA:24,1
DA:25,1
DA:26,1
DA:27,1
DA:31,1
DA:32,1
DA:33,1
DA:34,1
DA:35,1
DA:36,1
DA:37,1
DA:38,1
DA:39,1
DA:40,1
DA:41,1
DA:42,1
DA:43,1
DA:44,1
DA:45,1
DA:46,1
DA:51,1
DA:52,1
DA:53,1
DA:54,1
DA:55,1
DA:56,1
DA:57,1
DA:58,1
DA:59,1
DA:60,1
DA:61,1
DA:62,1
LF:48
LH:48
BRF:0
BRH:0
end_of_record
TN:
SF:/Users/hungtran/designpacks/local-dev-tool/src/api/cms.ts
FN:3,getSites
FN:4,(anonymous_1)
FN:5,(anonymous_2)
FN:11,getIssues
FN:12,(anonymous_4)
FN:13,(anonymous_5)
FN:19,getInfoIssues
FN:20,(anonymous_7)
FN:21,(anonymous_8)
FN:27,downloadIssue
FN:28,(anonymous_10)
FN:29,(anonymous_11)
FN:35,deleteIssue
FN:36,(anonymous_13)
FN:37,(anonymous_14)
FN:43,getInfoConfig
FN:45,(anonymous_16)
FN:46,(anonymous_17)
FNF:18
FNH:0
FNDA:0,getSites
FNDA:0,(anonymous_1)
FNDA:0,(anonymous_2)
FNDA:0,getIssues
FNDA:0,(anonymous_4)
FNDA:0,(anonymous_5)
FNDA:0,getInfoIssues
FNDA:0,(anonymous_7)
FNDA:0,(anonymous_8)
FNDA:0,downloadIssue
FNDA:0,(anonymous_10)
FNDA:0,(anonymous_11)
FNDA:0,deleteIssue
FNDA:0,(anonymous_13)
FNDA:0,(anonymous_14)
FNDA:0,getInfoConfig
FNDA:0,(anonymous_16)
FNDA:0,(anonymous_17)
DA:2,1
DA:4,0
DA:6,0
DA:7,0
DA:10,1
DA:12,0
DA:14,0
DA:15,0
DA:18,1
DA:20,0
DA:22,0
DA:23,0
DA:26,1
DA:28,0
DA:30,0
DA:31,0
DA:34,1
DA:36,0
DA:38,0
DA:39,0
DA:42,1
DA:44,0
DA:45,0
DA:47,0
DA:50,1
LF:25
LH:7
BRF:0
BRH:0
end_of_record
